\BOOKMARK [0][-]{chapter.1}{\376\377\000P\000r\000e\000f\000a\000c\000e}{}% 1
\BOOKMARK [1][-]{section.1.1}{\376\377\000A\000b\000o\000u\000t}{chapter.1}% 2
\BOOKMARK [2][-]{subsection.1.1.1}{\376\377\000A\000b\000o\000u\000t\000\040\000t\000h\000i\000s\000\040\000b\000o\000o\000k}{section.1.1}% 3
\BOOKMARK [2][-]{subsection.1.1.2}{\376\377\000A\000b\000o\000u\000t\000\040\000t\000h\000e\000\040\000a\000u\000t\000h\000o\000r\000s}{section.1.1}% 4
\BOOKMARK [1][-]{section.1.2}{\376\377\000F\000e\000e\000d\000b\000a\000c\000k\000\040\000a\000n\000d\000\040\000s\000u\000g\000g\000e\000s\000t\000i\000o\000n\000s}{chapter.1}% 5
\BOOKMARK [0][-]{chapter.2}{\376\377\000P\000r\000e\000l\000i\000m\000i\000n\000a\000r\000y}{}% 6
\BOOKMARK [1][-]{section.2.1}{\376\377\000M\000a\000t\000h\000\040\000P\000r\000e\000l\000i\000m\000i\000n\000a\000r\000y}{chapter.2}% 7
\BOOKMARK [2][-]{subsection.2.1.1}{\376\377\000V\000e\000c\000t\000o\000r}{section.2.1}% 8
\BOOKMARK [2][-]{subsection.2.1.2}{\376\377\000N\000o\000r\000m}{section.2.1}% 9
\BOOKMARK [2][-]{subsection.2.1.3}{\376\377\000D\000i\000s\000t\000a\000n\000c\000e\000s}{section.2.1}% 10
\BOOKMARK [1][-]{section.2.2}{\376\377\000N\000L\000P\000\040\000P\000r\000e\000l\000i\000m\000i\000n\000a\000r\000y}{chapter.2}% 11
\BOOKMARK [2][-]{subsection.2.2.1}{\376\377\000V\000o\000c\000a\000b\000u\000l\000a\000r\000y}{section.2.2}% 12
\BOOKMARK [2][-]{subsection.2.2.2}{\376\377\000T\000a\000g\000g\000i\000n\000g}{section.2.2}% 13
\BOOKMARK [2][-]{subsection.2.2.3}{\376\377\000L\000e\000m\000m\000a\000t\000i\000z\000a\000t\000i\000o\000n}{section.2.2}% 14
\BOOKMARK [2][-]{subsection.2.2.4}{\376\377\000T\000o\000k\000e\000n\000i\000z\000a\000t\000i\000o\000n}{section.2.2}% 15
\BOOKMARK [1][-]{section.2.3}{\376\377\000P\000l\000a\000t\000f\000o\000r\000m\000\040\000a\000n\000d\000\040\000P\000a\000c\000k\000a\000g\000e\000s}{chapter.2}% 16
\BOOKMARK [2][-]{subsection.2.3.1}{\376\377\000G\000o\000o\000g\000l\000e\000\040\000C\000o\000l\000a\000b}{section.2.3}% 17
\BOOKMARK [2][-]{subsection.2.3.2}{\376\377\000H\000u\000g\000g\000i\000n\000g\000F\000a\000c\000e}{section.2.3}% 18
\BOOKMARK [2][-]{subsection.2.3.3}{\376\377\000O\000l\000l\000a\000m\000a}{section.2.3}% 19
\BOOKMARK [2][-]{subsection.2.3.4}{\376\377\000l\000a\000n\000g\000c\000h\000a\000i\000n}{section.2.3}% 20
\BOOKMARK [0][-]{chapter.3}{\376\377\000W\000o\000r\000d\000\040\000a\000n\000d\000\040\000S\000e\000n\000t\000e\000n\000c\000e\000\040\000E\000m\000b\000e\000d\000d\000i\000n\000g}{}% 21
\BOOKMARK [1][-]{section.3.1}{\376\377\000B\000a\000g\000-\000o\000f\000-\000W\000o\000r\000d}{chapter.3}% 22
\BOOKMARK [2][-]{subsection.3.1.1}{\376\377\000O\000n\000e\000\040\000H\000o\000t\000\040\000E\000n\000c\000o\000d\000e\000r}{section.3.1}% 23
\BOOKMARK [2][-]{subsection.3.1.2}{\376\377\000C\000o\000u\000n\000t\000V\000e\000c\000t\000o\000r\000i\000z\000e\000r}{section.3.1}% 24
\BOOKMARK [1][-]{section.3.2}{\376\377\000T\000F\000-\000I\000D\000F}{chapter.3}% 25
\BOOKMARK [1][-]{section.3.3}{\376\377\000W\000o\000r\000d\0002\000V\000e\000c}{chapter.3}% 26
\BOOKMARK [1][-]{section.3.4}{\376\377\000G\000l\000o\000V\000E}{chapter.3}% 27
\BOOKMARK [1][-]{section.3.5}{\376\377\000F\000a\000s\000t\000\040\000T\000e\000x\000t}{chapter.3}% 28
\BOOKMARK [1][-]{section.3.6}{\376\377\000B\000E\000R\000T}{chapter.3}% 29
\BOOKMARK [0][-]{chapter.4}{\376\377\000P\000r\000o\000m\000p\000t\000\040\000E\000n\000g\000i\000n\000e\000e\000r\000i\000n\000g}{}% 30
\BOOKMARK [1][-]{section.4.1}{\376\377\000B\000a\000c\000k\000g\000r\000o\000u\000n\000d\000\040\000a\000b\000o\000u\000t\000\040\000L\000L\000M\000\040\000a\000n\000d\000\040\000P\000r\000o\000m\000p\000t}{chapter.4}% 31
\BOOKMARK [1][-]{section.4.2}{\376\377\000P\000r\000o\000m\000p\000t\000\040\000E\000n\000g\000i\000n\000e\000e\000r\000i\000n\000g\000\040\000B\000a\000s\000i\000c\000s}{chapter.4}% 32
\BOOKMARK [2][-]{subsection.4.2.1}{\376\377\000P\000r\000o\000m\000p\000t\000\040\000C\000o\000m\000p\000o\000n\000e\000n\000t\000s}{section.4.2}% 33
\BOOKMARK [2][-]{subsection.4.2.2}{\376\377\000P\000r\000o\000m\000p\000t\000\040\000E\000n\000g\000i\000n\000e\000e\000r\000i\000n\000g\000\040\000P\000r\000i\000n\000c\000i\000p\000l\000e\000s}{section.4.2}% 34
\BOOKMARK [1][-]{section.4.3}{\376\377\000A\000d\000v\000a\000n\000c\000e\000d\000\040\000P\000r\000o\000m\000p\000t\000\040\000E\000n\000g\000i\000n\000e\000e\000r\000i\000n\000g}{chapter.4}% 35
\BOOKMARK [0][-]{chapter.5}{\376\377\000R\000e\000t\000r\000i\000e\000v\000a\000l\000-\000A\000u\000g\000m\000e\000n\000t\000e\000d\000\040\000G\000e\000n\000e\000r\000a\000t\000i\000o\000n}{}% 36
\BOOKMARK [1][-]{section.5.1}{\376\377\000O\000v\000e\000r\000v\000i\000e\000w}{chapter.5}% 37
\BOOKMARK [1][-]{section.5.2}{\376\377\000I\000n\000d\000e\000x\000i\000n\000g}{chapter.5}% 38
\BOOKMARK [1][-]{section.5.3}{\376\377\000R\000e\000t\000r\000i\000e\000v\000a\000l}{chapter.5}% 39
\BOOKMARK [1][-]{section.5.4}{\376\377\000G\000e\000n\000e\000r\000a\000t\000i\000o\000n}{chapter.5}% 40
\BOOKMARK [0][-]{chapter.6}{\376\377\000F\000i\000n\000e\000\040\000T\000u\000n\000i\000n\000g}{}% 41
\BOOKMARK [0][-]{chapter.7}{\376\377\000P\000r\000e\000-\000t\000r\000a\000i\000n\000i\000n\000g}{}% 42
\BOOKMARK [0][-]{chapter.8}{\376\377\000L\000L\000M\000\040\000E\000v\000a\000l\000u\000a\000t\000i\000o\000n\000\040\000M\000e\000t\000r\000i\000c\000s}{}% 43
\BOOKMARK [1][-]{section.8.1}{\376\377\000S\000t\000a\000t\000i\000s\000t\000i\000c\000a\000l\000\040\000S\000c\000o\000r\000e\000r\000s}{chapter.8}% 44
\BOOKMARK [1][-]{section.8.2}{\376\377\000M\000o\000d\000e\000l\000-\000B\000a\000s\000e\000d\000\040\000S\000c\000o\000r\000e\000r\000s}{chapter.8}% 45
\BOOKMARK [0][-]{chapter.9}{\376\377\000M\000a\000i\000n\000\040\000R\000e\000f\000e\000r\000e\000n\000c\000e}{}% 46
\BOOKMARK [0][-]{chapter*.4}{\376\377\000B\000i\000b\000l\000i\000o\000g\000r\000a\000p\000h\000y}{}% 47
